background.js:24 Time: {1709195716869} TabID: {1926387271} WindowsID: {1926387204}ActivatedURL: { }
background.js:31 Time: {1709195717038} TabID: {1926387271} URLChanged: {http://29.20.130.39:31001/?SSO_loginName=amlhbmdzdXlp}
background.js:31 Time: {1709195719400} TabID: {1926387271} URLChanged: {http://29.20.130.39:31001/?SSO_loginName=amlhbmdzdXlp&ticket=STSH-7b5fa316-cbad-4cf2-9f4f-9d5be29805c6}
background.js:31 Time: {1709195725857} TabID: {1926387271} URLChanged: {http://29.20.130.39:31001/injury/welcome}
background.js:47 Time: {1709195753048} ClickDetected: [object Object] ElementDetails: {tagName: 'svg', id: '', className: {…}, path: 'svg > DIV > HEADER > DIV > DIV > DIV > DIV > BODY > HTML >  > ', timestamp: 1709195753046}
background.js:47 Time: {1709195761926} ClickDetected: [object Object] ElementDetails: {tagName: 'A', id: '', className: '', text: '更多', path: 'A > LI > UL > DIV > DIV > DIV > DIV > BODY > HTML >  > ', …}
background.js:24 Time: {1709195761933} TabID: {1926387272} WindowsID: {1926387204}ActivatedURL: { }
background.js:31 Time: {1709195762110} TabID: {1926387272} URLChanged: {http://29.20.130.39:31001/version}
background.js:24 Time: {1709195765867} TabID: {1926387271} WindowsID: {1926387204}ActivatedURL: { http://29.20.130.39:31001/injury/welcome}
background.js:47 Time: {1709195767550} ClickDetected: [object Object] ElementDetails: {tagName: 'DIV', id: '', className: 'el-dialog__wrapper caf-dialog', text: '@caf/admin-eportal版本：3.27.0-rc.2\n后端cpic-admin-sdk版…3.27.0-RELEASE\n更多\n推荐使用Edge、Chrome80、Firefox75浏览器。', path: 'DIV > BODY > HTML >  > ', …}
background.js:47 Time: {1709195768513} ClickDetected: [object Object] ElementDetails: {tagName: 'BUTTON', id: '', className: 'el-dialog__headerbtn', text: '', path: 'BUTTON > DIV > DIV > DIV > BODY > HTML >  > ', …}
background.js:31 Time: {1709195772090} TabID: {1926387271} URLChanged: {http://29.20.130.39:31001/information}
background.js:47 Time: {1709195776483} ClickDetected: [object Object] ElementDetails: {tagName: 'SPAN', id: '', className: 'el-radio__label', text: '男', path: 'SPAN > LABEL > DIV > DIV > DIV > DIV > FORM > DIV …> DIV > DIV > DIV > DIV > DIV > BODY > HTML >  > ', …}
background.js:47 Time: {1709195776491} ClickDetected: [object Object] ElementDetails: {tagName: 'INPUT', id: '', className: 'el-radio__original', text: '1', path: 'INPUT > SPAN > LABEL > DIV > DIV > DIV > DIV > FOR…> DIV > DIV > DIV > DIV > DIV > BODY > HTML >  > ', …}
background.js:40 Time: {1709195776511} InputDetected: [object Object] InputDetails: {type: 'input', value: '1', id: '', className: 'el-radio__original', tagName: 'INPUT', …}
background.js:47 Time: {1709195780519} ClickDetected: [object Object] ElementDetails: {tagName: 'TEXTAREA', id: '', className: 'el-textarea__inner', text: '', path: 'TEXTAREA > DIV > DIV > DIV > FORM > DIV > DIV > DI…> DIV > DIV > DIV > DIV > DIV > BODY > HTML >  > ', …}
background.js:40 Time: {1709195781706} InputDetected: [object Object] InputDetails: {type: 'input', value: '1', id: '', className: 'el-textarea__inner', tagName: 'TEXTAREA', …}
background.js:40 Time: {1709195781975} InputDetected: [object Object] InputDetails: {type: 'input', value: '12', id: '', className: 'el-textarea__inner', tagName: 'TEXTAREA', …}
background.js:40 Time: {1709195782278} InputDetected: [object Object] InputDetails: {type: 'input', value: '123', id: '', className: 'el-textarea__inner', tagName: 'TEXTAREA', …}
background.js:47 Time: {1709195783100} ClickDetected: [object Object] ElementDetails: {tagName: 'BUTTON', id: '', className: 'el-button el-button--confirm el-button--medium', text: '保 存', path: 'BUTTON > DIV > FORM > DIV > DIV > DIV > DIV > DIV > DIV > DIV > DIV > DIV > DIV > BODY > HTML >  > ', …}
background.js:47 Time: {1709195787183} ClickDetected: [object Object] ElementDetails: {tagName: 'DIV', id: 'tab-1', className: 'el-tabs__item is-top is-active', text: '所属组织', path: 'DIV > DIV > DIV > DIV > DIV > DIV > DIV > DIV > DIV > DIV > DIV > DIV > DIV > BODY > HTML >  > ', …}
background.js:47 Time: {1709195789859} ClickDetected: [object Object] ElementDetails: {tagName: 'DIV', id: 'tab-2', className: 'el-tabs__item is-top is-active', text: '拥有角色', path: 'DIV > DIV > DIV > DIV > DIV > DIV > DIV > DIV > DIV > DIV > DIV > DIV > DIV > BODY > HTML >  > ', …}
background.js:47 Time: {1709195793494} ClickDetected: [object Object] ElementDetails: {tagName: 'svg', id: '', className: {…}, path: 'svg > DIV > DIV > HEADER > DIV > DIV > DIV > DIV > BODY > HTML >  > ', timestamp: 1709195793492}
background.js:47 Time: {1709195803203} ClickDetected: [object Object] ElementDetails: {tagName: 'TD', id: '', className: 'el-table_1_column_3 is-center ', text: '2022-10-24 10:47:11', path: 'TD > TR > TBODY > TABLE > DIV > DIV > DIV > DIV > DIV > DIV > DIV > DIV > BODY > HTML >  > ', …}
background.js:47 Time: {1709195803382} ClickDetected: [object Object] ElementDetails: {tagName: 'DIV', id: '', className: 'el-dialog__wrapper caf-dialog dialog-fade-enter-active dialog-fade-enter-to', text: '查看公告\n标题\n内容\n\n1.【工具箱】增加手足关节功能障碍评分小工具，供后台人员使用\n2.【工具箱】新增平台操作手册，便于下载学习使用\n\n取 消', path: 'DIV > BODY > HTML >  > ', …}
background.js:47 Time: {1709195807860} ClickDetected: [object Object] ElementDetails: {tagName: 'SPAN', id: '', className: '', text: '取 消', path: 'SPAN > BUTTON > DIV > DIV > DIV > DIV > DIV > BODY > HTML >  > ', …}
background.js:47 Time: {1709195808757} ClickDetected: [object Object] ElementDetails: {tagName: 'INPUT', id: '', className: 'el-input__inner', text: '', path: 'INPUT > DIV > DIV > DIV > DIV > DIV > DIV > DIV > BODY > HTML >  > ', …}
background.js:40 Time: {1709195810044} InputDetected: [object Object] InputDetails: {type: 'input', value: '1', id: '', className: 'el-input__inner', tagName: 'INPUT', …}
background.js:40 Time: {1709195810725} InputDetected: [object Object] InputDetails: {type: 'input', value: '12', id: '', className: 'el-input__inner', tagName: 'INPUT', …}
background.js:40 Time: {1709195811038} InputDetected: [object Object] InputDetails: {type: 'input', value: '123', id: '', className: 'el-input__inner', tagName: 'INPUT', …}
background.js:47 Time: {1709195812692} ClickDetected: [object Object] ElementDetails: {tagName: 'SPAN', id: '', className: '', text: '查询', path: 'SPAN > BUTTON > DIV > DIV > DIV > DIV > DIV > DIV > BODY > HTML >  > ', …}
background.js:47 Time: {1709195814892} ClickDetected: [object Object] ElementDetails: {tagName: 'INPUT', id: '', className: 'el-range-input', text: '', path: 'INPUT > DIV > DIV > DIV > DIV > DIV > DIV > DIV > BODY > HTML >  > ', …}
background.js:47 Time: {1709195816221} ClickDetected: [object Object] ElementDetails: {tagName: 'INPUT', id: '', className: 'el-range-input', text: '', path: 'INPUT > DIV > DIV > DIV > DIV > DIV > DIV > DIV > BODY > HTML >  > ', …}
background.js:47 Time: {1709195816640} ClickDetected: [object Object] ElementDetails: {tagName: 'DIV', id: '', className: 'searchGroup', text: '查询\n至\n一键已读', path: 'DIV > DIV > DIV > DIV > DIV > DIV > BODY > HTML >  > ', …}
background.js:47 Time: {1709195819356} ClickDetected: [object Object] ElementDetails: {tagName: 'INPUT', id: '', className: 'el-input__inner', text: '', path: 'INPUT > DIV > DIV > DIV > DIV > DIV > DIV > DIV > BODY > HTML >  > ', …}
background.js:40 Time: {1709195820188} InputDetected: [object Object] InputDetails: {type: 'input', value: '1', id: '', className: 'el-input__inner', tagName: 'INPUT', …}
background.js:40 Time: {1709195820562} InputDetected: [object Object] InputDetails: {type: 'input', value: '12', id: '', className: 'el-input__inner', tagName: 'INPUT', …}
background.js:47 Time: {1709195821983} ClickDetected: [object Object] ElementDetails: {tagName: 'I', id: '', className: 'el-input__icon el-icon-circle-close el-input__clear', path: 'I > SPAN > SPAN > DIV > DIV > DIV > DIV > DIV > DIV > DIV > BODY > HTML >  > ', timestamp: 1709195821983}
background.js:47 Time: {1709195830231} ClickDetected: [object Object] ElementDetails: {tagName: 'svg', id: '', className: {…}, path: 'svg > DIV > HEADER > DIV > DIV > DIV > DIV > BODY > HTML >  > ', timestamp: 1709195830210}
background.js:47 Time: {1709195832528} ClickDetected: [object Object] ElementDetails: {tagName: 'svg', id: '', className: {…}, path: 'svg > DIV > HEADER > DIV > DIV > DIV > DIV > BODY > HTML >  > ', timestamp: 1709195832356}
background.js:47 Time: {1709195833990} ClickDetected: [object Object] ElementDetails: {tagName: 'svg', id: '', className: {…}, path: 'svg > DIV > DIV > HEADER > DIV > DIV > DIV > DIV > BODY > HTML >  > ', timestamp: 1709195833990}
background.js:47 Time: {1709195837834} ClickDetected: [object Object] ElementDetails: {tagName: 'I', id: '', className: 'el-dialog__close el-icon el-icon-close', path: 'I > BUTTON > DIV > DIV > DIV > BODY > HTML >  > ', timestamp: 1709195837833}
background.js:47 Time: {1709195841656} ClickDetected: [object Object] ElementDetails: {tagName: 'DIV', id: '', className: 'el-submenu__title', text: '工具箱', path: 'DIV > LI > DIV > UL > DIV > DIV > DIV > DIV > ASIDE > DIV > DIV > DIV > DIV > BODY > HTML >  > ', …}
background.js:31 Time: {1709195842550} TabID: {1926387271} URLChanged: {http://29.20.130.39:31001/injury/toolbox/operation}
background.js:47 Time: {1709195842630} ClickDetected: [object Object] ElementDetails: {tagName: 'SPAN', id: '', className: 'nav-menu-title', text: '操作手册', path: 'SPAN > LI > DIV > UL > LI > DIV > UL > DIV > DIV >…ASIDE > DIV > DIV > DIV > DIV > BODY > HTML >  > ', …}
background.js:47 Time: {1709195851718} ClickDetected: [object Object] ElementDetails: {tagName: 'LI', id: '', className: 'number active', text: '2', path: 'LI > UL > DIV > DIV > DIV > DIV > DIV > DIV > DIV …> DIV > DIV > DIV > DIV > DIV > BODY > HTML >  > ', …}
background.js:47 Time: {1709195854346} ClickDetected: [object Object] ElementDetails: {tagName: 'I', id: '', className: 'el-icon el-icon-arrow-right', path: 'I > BUTTON > DIV > DIV > DIV > DIV > DIV > DIV > D…> DIV > DIV > DIV > DIV > DIV > BODY > HTML >  > ', timestamp: 1709195854345}
background.js:47 Time: {1709195855500} ClickDetected: [object Object] ElementDetails: {tagName: 'DIV', id: '', className: 'el-pagination is-background', text: '共 29 条\n123\n前往页', path: 'DIV > DIV > DIV > DIV > DIV > DIV > DIV > DIV > DI…> DIV > DIV > DIV > DIV > DIV > BODY > HTML >  > ', …}
background.js:40 Time: {1709195856688} InputDetected: [object Object] InputDetails: {type: 'input', value: '1', id: '', className: 'el-input__inner', tagName: 'INPUT', …}
background.js:47 Time: {1709195863514} ClickDetected: [object Object] ElementDetails: {tagName: 'DIV', id: '', className: 'el-icon-download', path: 'DIV > DIV > TD > TR > TBODY > TABLE > DIV > DIV > …> DIV > DIV > DIV > DIV > DIV > BODY > HTML >  > ', timestamp: 1709195863512}
background.js:47 Time: {1709195865496} ClickDetected: [object Object] ElementDetails: {tagName: 'A', id: '', className: '', path: 'A > BODY > HTML >  > ', timestamp: 1709195865495}
background.js:31 Time: {1709195869458} TabID: {1926387271} URLChanged: {http://29.20.130.39:31001/injury/toolbox/handAndFood}
background.js:47 Time: {1709195869547} ClickDetected: [object Object] ElementDetails: {tagName: 'SPAN', id: '', className: 'nav-menu-title', text: '手足关节评分计算器', path: 'SPAN > LI > DIV > UL > LI > DIV > UL > DIV > DIV >…ASIDE > DIV > DIV > DIV > DIV > BODY > HTML >  > ', …}
background.js:47 Time: {1709195873164} ClickDetected: [object Object] ElementDetails: {tagName: 'SPAN', id: '', className: 'el-radio-button__inner', text: '足部', path: 'SPAN > LABEL > DIV > DIV > DIV > DIV > DIV > DIV >…> DIV > DIV > DIV > DIV > DIV > BODY > HTML >  > ', …}
background.js:47 Time: {1709195873178} ClickDetected: [object Object] ElementDetails: {tagName: 'INPUT', id: '', className: 'el-radio-button__orig-radio', text: 'foot', path: 'INPUT > LABEL > DIV > DIV > DIV > DIV > DIV > DIV …> DIV > DIV > DIV > DIV > DIV > BODY > HTML >  > ', …}
background.js:40 Time: {1709195873192} InputDetected: [object Object] InputDetails: {type: 'input', value: 'foot', id: '', className: 'el-radio-button__orig-radio', tagName: 'INPUT', …}
background.js:47 Time: {1709195874581} ClickDetected: [object Object] ElementDetails: {tagName: 'SPAN', id: '', className: 'el-radio-button__inner', text: '右', path: 'SPAN > LABEL > DIV > DIV > DIV > DIV > DIV > DIV >…> DIV > DIV > DIV > DIV > DIV > BODY > HTML >  > ', …}
background.js:47 Time: {1709195874588} ClickDetected: [object Object] ElementDetails: {tagName: 'INPUT', id: '', className: 'el-radio-button__orig-radio', text: '右', path: 'INPUT > LABEL > DIV > DIV > DIV > DIV > DIV > DIV …> DIV > DIV > DIV > DIV > DIV > BODY > HTML >  > ', …}
background.js:40 Time: {1709195874593} InputDetected: [object Object] InputDetails: {type: 'input', value: '右', id: '', className: 'el-radio-button__orig-radio', tagName: 'INPUT', …}
background.js:47 Time: {1709195875258} ClickDetected: [object Object] ElementDetails: {tagName: 'SPAN', id: '', className: 'el-checkbox__label', text: '第二趾', path: 'SPAN > LABEL > DIV > DIV > DIV > DIV > DIV > DIV >…> DIV > DIV > DIV > DIV > DIV > BODY > HTML >  > ', …}
background.js:47 Time: {1709195875265} ClickDetected: [object Object] ElementDetails: {tagName: 'INPUT', id: '', className: 'el-checkbox__original', text: '第二趾', path: 'INPUT > SPAN > LABEL > DIV > DIV > DIV > DIV > DIV…> DIV > DIV > DIV > DIV > DIV > BODY > HTML >  > ', …}
background.js:40 Time: {1709195875281} InputDetected: [object Object] InputDetails: {type: 'input', value: '第二趾', id: '', className: 'el-checkbox__original', tagName: 'INPUT', …}
background.js:47 Time: {1709195876066} ClickDetected: [object Object] ElementDetails: {tagName: 'DIV', id: '', className: 'el-checkbox-group', text: '拇指\n第二趾\n第三趾\n第四趾\n第五趾', path: 'DIV > DIV > DIV > DIV > DIV > DIV > DIV > DIV > DI…> DIV > DIV > DIV > DIV > DIV > BODY > HTML >  > ', …}
background.js:47 Time: {1709195878262} ClickDetected: [object Object] ElementDetails: {tagName: 'SPAN', id: '', className: 'el-radio-button__inner', text: '左', path: 'SPAN > LABEL > DIV > DIV > DIV > DIV > DIV > DIV >…> DIV > DIV > DIV > DIV > DIV > BODY > HTML >  > ', …}
background.js:47 Time: {1709195878268} ClickDetected: [object Object] ElementDetails: {tagName: 'INPUT', id: '', className: 'el-radio-button__orig-radio', text: '左', path: 'INPUT > LABEL > DIV > DIV > DIV > DIV > DIV > DIV …> DIV > DIV > DIV > DIV > DIV > BODY > HTML >  > ', …}
background.js:40 Time: {1709195878273} InputDetected: [object Object] InputDetails: {type: 'input', value: '左', id: '', className: 'el-radio-button__orig-radio', tagName: 'INPUT', …}
background.js:47 Time: {1709195878939} ClickDetected: [object Object] ElementDetails: {tagName: 'SPAN', id: '', className: 'el-checkbox__label', text: '第二趾', path: 'SPAN > LABEL > DIV > DIV > DIV > DIV > DIV > DIV >…> DIV > DIV > DIV > DIV > DIV > BODY > HTML >  > ', …}
background.js:47 Time: {1709195878944} ClickDetected: [object Object] ElementDetails: {tagName: 'INPUT', id: '', className: 'el-checkbox__original', text: '第二趾', path: 'INPUT > SPAN > LABEL > DIV > DIV > DIV > DIV > DIV…> DIV > DIV > DIV > DIV > DIV > BODY > HTML >  > ', …}
background.js:40 Time: {1709195878957} InputDetected: [object Object] InputDetails: {type: 'input', value: '第二趾', id: '', className: 'el-checkbox__original', tagName: 'INPUT', …}
background.js:47 Time: {1709195885340} ClickDetected: [object Object] ElementDetails: {tagName: 'SPAN', id: '', className: '', text: '评分', path: 'SPAN > BUTTON > DIV > DIV > DIV > DIV > DIV > DIV …> DIV > DIV > DIV > DIV > DIV > BODY > HTML >  > ', …}
background.js:47 Time: {1709195887684} ClickDetected: [object Object] ElementDetails: {tagName: 'SPAN', id: '', className: 'el-radio-button__inner', text: '右', path: 'SPAN > LABEL > DIV > DIV > DIV > DIV > DIV > DIV >…> DIV > DIV > DIV > DIV > DIV > BODY > HTML >  > ', …}
background.js:47 Time: {1709195887691} ClickDetected: [object Object] ElementDetails: {tagName: 'INPUT', id: '', className: 'el-radio-button__orig-radio', text: '右', path: 'INPUT > LABEL > DIV > DIV > DIV > DIV > DIV > DIV …> DIV > DIV > DIV > DIV > DIV > BODY > HTML >  > ', …}
background.js:40 Time: {1709195887696} InputDetected: [object Object] InputDetails: {type: 'input', value: '右', id: '', className: 'el-radio-button__orig-radio', tagName: 'INPUT', …}
background.js:47 Time: {1709195888769} ClickDetected: [object Object] ElementDetails: {tagName: 'SPAN', id: '', className: 'el-radio-button__inner', text: '手部', path: 'SPAN > LABEL > DIV > DIV > DIV > DIV > DIV > DIV >…> DIV > DIV > DIV > DIV > DIV > BODY > HTML >  > ', …}
background.js:47 Time: {1709195888776} ClickDetected: [object Object] ElementDetails: {tagName: 'INPUT', id: '', className: 'el-radio-button__orig-radio', text: 'hand', path: 'INPUT > LABEL > DIV > DIV > DIV > DIV > DIV > DIV …> DIV > DIV > DIV > DIV > DIV > BODY > HTML >  > ', …}
background.js:40 Time: {1709195888813} InputDetected: [object Object] InputDetails: {type: 'input', value: 'hand', id: '', className: 'el-radio-button__orig-radio', tagName: 'INPUT', …}
background.js:47 Time: {1709195890236} ClickDetected: [object Object] ElementDetails: {tagName: 'SPAN', id: '', className: 'el-checkbox__label', text: '拇指', path: 'SPAN > LABEL > DIV > DIV > DIV > DIV > DIV > DIV >…> DIV > DIV > DIV > DIV > DIV > BODY > HTML >  > ', …}
background.js:47 Time: {1709195890246} ClickDetected: [object Object] ElementDetails: {tagName: 'INPUT', id: '', className: 'el-checkbox__original', text: '拇指', path: 'INPUT > SPAN > LABEL > DIV > DIV > DIV > DIV > DIV…> DIV > DIV > DIV > DIV > DIV > BODY > HTML >  > ', …}
background.js:40 Time: {1709195890263} InputDetected: [object Object] InputDetails: {type: 'input', value: '拇指', id: '', className: 'el-checkbox__original', tagName: 'INPUT', …}
background.js:47 Time: {1709195894036} ClickDetected: [object Object] ElementDetails: {tagName: 'SPAN', id: '', className: 'el-radio-button__inner', text: '右', path: 'SPAN > LABEL > DIV > DIV > DIV > DIV > DIV > DIV >…> DIV > DIV > DIV > DIV > DIV > BODY > HTML >  > ', …}
background.js:47 Time: {1709195894049} ClickDetected: [object Object] ElementDetails: {tagName: 'INPUT', id: '', className: 'el-radio-button__orig-radio', text: '右', path: 'INPUT > LABEL > DIV > DIV > DIV > DIV > DIV > DIV …> DIV > DIV > DIV > DIV > DIV > BODY > HTML >  > ', …}
background.js:40 Time: {1709195894058} InputDetected: [object Object] InputDetails: {type: 'input', value: '右', id: '', className: 'el-radio-button__orig-radio', tagName: 'INPUT', …}
background.js:47 Time: {1709195894731} ClickDetected: [object Object] ElementDetails: {tagName: 'DIV', id: '', className: 'el-checkbox-group', text: '拇指\n示指\n中指\n环指\n小指', path: 'DIV > DIV > DIV > DIV > DIV > DIV > DIV > DIV > DI…> DIV > DIV > DIV > DIV > DIV > BODY > HTML >  > ', …}
background.js:47 Time: {1709195895049} ClickDetected: [object Object] ElementDetails: {tagName: 'DIV', id: '', className: 'el-checkbox-group', text: '拇指\n示指\n中指\n环指\n小指', path: 'DIV > DIV > DIV > DIV > DIV > DIV > DIV > DIV > DI…> DIV > DIV > DIV > DIV > DIV > BODY > HTML >  > ', …}
background.js:47 Time: {1709195895390} ClickDetected: [object Object] ElementDetails: {tagName: 'DIV', id: '', className: 'el-checkbox-group', text: '拇指\n示指\n中指\n环指\n小指', path: 'DIV > DIV > DIV > DIV > DIV > DIV > DIV > DIV > DI…> DIV > DIV > DIV > DIV > DIV > BODY > HTML >  > ', …}
background.js:47 Time: {1709195895667} ClickDetected: [object Object] ElementDetails: {tagName: 'SPAN', id: '', className: 'el-checkbox__label', text: '中指', path: 'SPAN > LABEL > DIV > DIV > DIV > DIV > DIV > DIV >…> DIV > DIV > DIV > DIV > DIV > BODY > HTML >  > ', …}
background.js:47 Time: {1709195895674} ClickDetected: [object Object] ElementDetails: {tagName: 'INPUT', id: '', className: 'el-checkbox__original', text: '中指', path: 'INPUT > SPAN > LABEL > DIV > DIV > DIV > DIV > DIV…> DIV > DIV > DIV > DIV > DIV > BODY > HTML >  > ', …}
background.js:40 Time: {1709195895690} InputDetected: [object Object] InputDetails: {type: 'input', value: '中指', id: '', className: 'el-checkbox__original', tagName: 'INPUT', …}
background.js:47 Time: {1709195897618} ClickDetected: [object Object] ElementDetails: {tagName: 'DIV', id: '', className: 'cell', text: '45', path: 'DIV > TD > TR > TBODY > TABLE > DIV > DIV > DIV > …> DIV > DIV > DIV > DIV > DIV > BODY > HTML >  > ', …}
background.js:47 Time: {1709195901075} ClickDetected: [object Object] ElementDetails: {tagName: 'SPAN', id: '', className: 'el-checkbox__inner', path: 'SPAN > SPAN > LABEL > DIV > DIV > DIV > DIV > DIV …> DIV > DIV > DIV > DIV > DIV > BODY > HTML >  > ', timestamp: 1709195901074}
background.js:47 Time: {1709195901083} ClickDetected: [object Object] ElementDetails: {tagName: 'INPUT', id: '', className: 'el-checkbox__original', text: '小指', path: 'INPUT > SPAN > LABEL > DIV > DIV > DIV > DIV > DIV…> DIV > DIV > DIV > DIV > DIV > BODY > HTML >  > ', …}
background.js:40 Time: {1709195901105} InputDetected: [object Object] InputDetails: {type: 'input', value: '小指', id: '', className: 'el-checkbox__original', tagName: 'INPUT', …}
background.js:47 Time: {1709195904797} ClickDetected: [object Object] ElementDetails: {tagName: 'SPAN', id: '', className: 'el-radio-button__inner', text: '右', path: 'SPAN > LABEL > DIV > DIV > DIV > DIV > DIV > DIV >…> DIV > DIV > DIV > DIV > DIV > BODY > HTML >  > ', …}
background.js:47 Time: {1709195904802} ClickDetected: [object Object] ElementDetails: {tagName: 'INPUT', id: '', className: 'el-radio-button__orig-radio', text: '右', path: 'INPUT > LABEL > DIV > DIV > DIV > DIV > DIV > DIV …> DIV > DIV > DIV > DIV > DIV > BODY > HTML >  > ', …}
background.js:40 Time: {1709195904809} InputDetected: [object Object] InputDetails: {type: 'input', value: '右', id: '', className: 'el-radio-button__orig-radio', tagName: 'INPUT', …}
background.js:47 Time: {1709195905653} ClickDetected: [object Object] ElementDetails: {tagName: 'SPAN', id: '', className: 'el-checkbox__label', text: '拇指', path: 'SPAN > LABEL > DIV > DIV > DIV > DIV > DIV > DIV >…> DIV > DIV > DIV > DIV > DIV > BODY > HTML >  > ', …}
background.js:47 Time: {1709195905659} ClickDetected: [object Object] ElementDetails: {tagName: 'INPUT', id: '', className: 'el-checkbox__original', text: '拇指', path: 'INPUT > SPAN > LABEL > DIV > DIV > DIV > DIV > DIV…> DIV > DIV > DIV > DIV > DIV > BODY > HTML >  > ', …}
background.js:40 Time: {1709195905677} InputDetected: [object Object] InputDetails: {type: 'input', value: '拇指', id: '', className: 'el-checkbox__original', tagName: 'INPUT', …}
background.js:47 Time: {1709195909879} ClickDetected: [object Object] ElementDetails: {tagName: 'SPAN', id: '', className: '', text: '评分', path: 'SPAN > BUTTON > DIV > DIV > DIV > DIV > DIV > DIV …> DIV > DIV > DIV > DIV > DIV > BODY > HTML >  > ', …}
background.js:47 Time: {1709195910951} ClickDetected: [object Object] ElementDetails: {tagName: 'SPAN', id: '', className: '', text: '重置', path: 'SPAN > BUTTON > DIV > DIV > DIV > DIV > DIV > DIV …> DIV > DIV > DIV > DIV > DIV > BODY > HTML >  > ', …}
background.js:31 Time: {1709195912847} TabID: {1926387271} URLChanged: {http://29.20.130.39:31001/injury/userManagement/userQuery}
background.js:47 Time: {1709195912990} ClickDetected: [object Object] ElementDetails: {tagName: 'LI', id: '', className: 'el-menu-item is-active', text: '数据维护人员查询', path: 'LI > DIV > UL > LI > DIV > UL > DIV > DIV > DIV > …ASIDE > DIV > DIV > DIV > DIV > BODY > HTML >  > ', …}
background.js:47 Time: {1709195926406} ClickDetected: [object Object] ElementDetails: {tagName: 'BUTTON', id: '', className: 'el-button el-button--confirm', text: '查 询', path: 'BUTTON > DIV > DIV > DIV > DIV > DIV > DIV > DIV >…> DIV > DIV > DIV > DIV > DIV > BODY > HTML >  > ', …}
background.js:47 Time: {1709195928815} ClickDetected: [object Object] ElementDetails: {tagName: 'BUTTON', id: '', className: 'el-button el-button--default is-plain', text: '重 置', path: 'BUTTON > DIV > DIV > DIV > DIV > DIV > DIV > DIV >…> DIV > DIV > DIV > DIV > DIV > BODY > HTML >  > ', …}
background.js:47 Time: {1709195929701} ClickDetected: [object Object] ElementDetails: {tagName: 'SPAN', id: '', className: '', text: '查 询', path: 'SPAN > BUTTON > DIV > DIV > DIV > DIV > DIV > DIV …> DIV > DIV > DIV > DIV > DIV > BODY > HTML >  > ', …}
background.js:47 Time: {1709195932451} ClickDetected: [object Object] ElementDetails: {tagName: 'DIV', id: '', className: 'cell el-tooltip', text: '赔偿标准审核岗,诊断信息维护岗,小额伤情维护岗,残疾辅助器具维护岗', path: 'DIV > TD > TR > TBODY > TABLE > DIV > DIV > DIV > …> DIV > DIV > DIV > DIV > DIV > BODY > HTML >  > ', …}
background.js:47 Time: {1709195934407} ClickDetected: [object Object] ElementDetails: {tagName: 'DIV', id: '', className: 'iams_container bottom', text: '查询结果\n机构\t用户姓名\tP13账号\t用户状态\t本系统职责\n安徽分公司\n\t\n林姗姗\n\t\nalinsh…护岗,诊断信息维护岗,小额伤情维护岗,残疾辅助器具维护岗\n共 316 条\n12345632\n前往页', path: 'DIV > DIV > DIV > DIV > DIV > DIV > DIV > DIV > DIV > DIV > DIV > DIV > BODY > HTML >  > ', …}
background.js:47 Time: {1709195934677} ClickDetected: [object Object] ElementDetails: {tagName: 'DIV', id: '', className: 'iams_container bottom', text: '查询结果\n机构\t用户姓名\tP13账号\t用户状态\t本系统职责\n安徽分公司\n\t\n林姗姗\n\t\nalinsh…护岗,诊断信息维护岗,小额伤情维护岗,残疾辅助器具维护岗\n共 316 条\n12345632\n前往页', path: 'DIV > DIV > DIV > DIV > DIV > DIV > DIV > DIV > DIV > DIV > DIV > DIV > BODY > HTML >  > ', …}
background.js:47 Time: {1709195938678} ClickDetected: [object Object] ElementDetails: {tagName: 'LI', id: '', className: 'number active', text: '2', path: 'LI > UL > DIV > DIV > DIV > DIV > DIV > DIV > DIV …> DIV > DIV > DIV > DIV > DIV > BODY > HTML >  > ', …}
background.js:47 Time: {1709195943508} ClickDetected: [object Object] ElementDetails: {tagName: 'I', id: '', className: 'el-icon el-icon-arrow-right', path: 'I > BUTTON > DIV > DIV > DIV > DIV > DIV > DIV > D…> DIV > DIV > DIV > DIV > DIV > BODY > HTML >  > ', timestamp: 1709195943507}
background.js:47 Time: {1709195944901} ClickDetected: [object Object] ElementDetails: {tagName: 'DIV', id: '', className: 'layout userQuery bgTd DialogMid', text: '查询条件\n机构\n用户名\nP13账号\n用户状态\n本系统职责\n查 询\n重 置\n查询结果\n机构\t用户姓名\t…护岗,诊断信息维护岗,小额伤情维护岗,残疾辅助器具维护岗\n共 316 条\n12345632\n前往页', path: 'DIV > DIV > DIV > DIV > DIV > DIV > DIV > DIV > DIV > DIV > DIV > BODY > HTML >  > ', …}
background.js:40 Time: {1709195945341} InputDetected: [object Object] InputDetails: {type: 'input', value: '4', id: '', className: 'el-input__inner', tagName: 'INPUT', …}
background.js:47 Time: {1709195955392} ClickDetected: [object Object] ElementDetails: {tagName: 'SPAN', id: '', className: 'nav-menu-title', text: '规则库管理', path: 'SPAN > DIV > LI > DIV > UL > DIV > DIV > DIV > DIV…ASIDE > DIV > DIV > DIV > DIV > BODY > HTML >  > ', …}
background.js:31 Time: {1709195957040} TabID: {1926387271} URLChanged: {http://29.20.130.39:31001/injury/rule/DamageRulePage/DamageRulePage}
background.js:47 Time: {1709195957200} ClickDetected: [object Object] ElementDetails: {tagName: 'SPAN', id: '', className: 'nav-menu-title', text: '核损规则', path: 'SPAN > LI > DIV > UL > LI > DIV > UL > DIV > DIV >…ASIDE > DIV > DIV > DIV > DIV > BODY > HTML >  > ', …}
background.js:47 Time: {1709195967304} ClickDetected: [object Object] ElementDetails: {tagName: 'SPAN', id: '', className: '', text: '重 置', path: 'SPAN > BUTTON > DIV > DIV > DIV > DIV > DIV > DIV …> DIV > DIV > DIV > DIV > DIV > BODY > HTML >  > ', …}
background.js:47 Time: {1709195967967} ClickDetected: [object Object] ElementDetails: {tagName: 'BUTTON', id: '', className: 'el-button el-button--confirm', text: '查 询', path: 'BUTTON > DIV > DIV > DIV > DIV > DIV > DIV > DIV >…> DIV > DIV > DIV > DIV > DIV > BODY > HTML >  > ', …}
background.js:47 Time: {1709195978549} ClickDetected: [object Object] ElementDetails: {tagName: 'LI', id: '', className: 'number active', text: '2', path: 'LI > UL > DIV > DIV > DIV > DIV > DIV > DIV > DIV …> DIV > DIV > DIV > DIV > DIV > BODY > HTML >  > ', …}
background.js:47 Time: {1709195985920} ClickDetected: [object Object] ElementDetails: {tagName: 'I', id: '', className: 'el-icon el-icon-arrow-right', path: 'I > BUTTON > DIV > DIV > DIV > DIV > DIV > DIV > D…> DIV > DIV > DIV > DIV > DIV > BODY > HTML >  > ', timestamp: 1709195985919}
background.js:47 Time: {1709195990434} ClickDetected: [object Object] ElementDetails: {tagName: 'INPUT', id: '', className: 'el-input__inner', text: '3', path: 'INPUT > DIV > SPAN > DIV > DIV > DIV > DIV > DIV >…> DIV > DIV > DIV > DIV > DIV > BODY > HTML >  > ', …}
background.js:40 Time: {1709195990629} InputDetected: [object Object] InputDetails: {type: 'input', value: '4', id: '', className: 'el-input__inner', tagName: 'INPUT', …}
background.js:47 Time: {1709196010764} ClickDetected: [object Object] ElementDetails: {tagName: 'SPAN', id: '', className: '', text: '查看', path: 'SPAN > BUTTON > DIV > TD > TR > TBODY > TABLE > DI…> DIV > DIV > DIV > DIV > DIV > BODY > HTML >  > ', …}
background.js:31 Time: {1709196012877} TabID: {1926387271} URLChanged: {http://29.20.130.39:31001/injury/rule/DamageRulePage/DamageRuleDetail?uuid=5a452c942b8ab49ca796cf1551a324b7}
background.js:47 Time: {1709196017913} ClickDetected: [object Object] ElementDetails: {tagName: 'SPAN', id: '', className: '', text: '取 消', path: 'SPAN > BUTTON > DIV > DIV > DIV > DIV > DIV > DIV …> DIV > DIV > DIV > DIV > DIV > BODY > HTML >  > ', …}
background.js:31 Time: {1709196017913} TabID: {1926387271} URLChanged: {http://29.20.130.39:31001/injury/rule/DamageRulePage/DamageRulePage}
background.js:47 Time: {1709196019690} ClickDetected: [object Object] ElementDetails: {tagName: 'I', id: '', className: 'el-submenu__icon-arrow el-icon-arrow-down', path: 'I > DIV > LI > DIV > UL > DIV > DIV > DIV > DIV > ASIDE > DIV > DIV > DIV > DIV > BODY > HTML >  > ', timestamp: 1709196019688}
background.js:31 Time: {1709196021902} TabID: {1926387271} URLChanged: {http://29.20.130.39:31001/injury/basics/compensationQueryPage/queryPage}
background.js:47 Time: {1709196022042} ClickDetected: [object Object] ElementDetails: {tagName: 'SPAN', id: '', className: 'nav-menu-title', text: '赔偿标准库', path: 'SPAN > LI > DIV > UL > LI > DIV > UL > DIV > DIV >…ASIDE > DIV > DIV > DIV > DIV > BODY > HTML >  > ', …}
background.js:47 Time: {1709196030789} ClickDetected: [object Object] ElementDetails: {tagName: 'SPAN', id: '', className: '', text: '重 置', path: 'SPAN > BUTTON > DIV > DIV > DIV > DIV > DIV > DIV …> DIV > DIV > DIV > DIV > DIV > BODY > HTML >  > ', …}
background.js:47 Time: {1709196031825} ClickDetected: [object Object] ElementDetails: {tagName: 'SPAN', id: '', className: '', text: '查 询', path: 'SPAN > BUTTON > DIV > DIV > DIV > DIV > DIV > DIV …> DIV > DIV > DIV > DIV > DIV > BODY > HTML >  > ', …}
background.js:47 Time: {1709196037166} ClickDetected: [object Object] ElementDetails: {tagName: 'SPAN', id: '', className: 'el-switch__core', path: 'SPAN > DIV > DIV > TD > TR > TBODY > TABLE > DIV >…> DIV > DIV > DIV > DIV > DIV > BODY > HTML >  > ', timestamp: 1709196037165}
background.js:31 Time: {1709196040483} TabID: {1926387271} URLChanged: {http://29.20.130.39:31001/injury/basics/compensationQueryPage/editPage?data=1}
background.js:47 Time: {1709196040503} ClickDetected: [object Object] ElementDetails: {tagName: 'BUTTON', id: '', className: 'el-button el-button--primary el-button--mini', text: '查看', path: 'BUTTON > DIV > TD > TR > TBODY > TABLE > DIV > DIV…> DIV > DIV > DIV > DIV > DIV > BODY > HTML >  > ', …}
background.js:47 Time: {1709196044244} ClickDetected: [object Object] ElementDetails: {tagName: 'SPAN', id: '', className: '', text: '取 消', path: 'SPAN > BUTTON > DIV > DIV > DIV > DIV > DIV > DIV …> DIV > DIV > DIV > DIV > DIV > BODY > HTML >  > ', …}
background.js:31 Time: {1709196044245} TabID: {1926387271} URLChanged: {http://29.20.130.39:31001/injury/basics/compensationQueryPage/queryPage}
background.js:47 Time: {1709196049665} ClickDetected: [object Object] ElementDetails: {tagName: 'LI', id: '', className: 'number active', text: '2', path: 'LI > UL > DIV > DIV > DIV > DIV > DIV > DIV > DIV …> DIV > DIV > DIV > DIV > DIV > BODY > HTML >  > ', …}
background.js:47 Time: {1709196051539} ClickDetected: [object Object] ElementDetails: {tagName: 'BUTTON', id: '', className: 'btn-next', text: '', path: 'BUTTON > DIV > DIV > DIV > DIV > DIV > DIV > DIV >…> DIV > DIV > DIV > DIV > DIV > BODY > HTML >  > ', …}
background.js:47 Time: {1709196053244} ClickDetected: [object Object] ElementDetails: {tagName: 'SPAN', id: '', className: 'el-pagination__jump', text: '前往页', path: 'SPAN > DIV > DIV > DIV > DIV > DIV > DIV > DIV > D…> DIV > DIV > DIV > DIV > DIV > BODY > HTML >  > ', …}
background.js:40 Time: {1709196053714} InputDetected: [object Object] InputDetails: {type: 'input', value: '4', id: '', className: 'el-input__inner', tagName: 'INPUT', …}
background.js:31 Time: {1709196068259} TabID: {1926387271} URLChanged: {http://29.20.130.39:31001/injury/basics/compensationQueryPage/updatePage}
background.js:47 Time: {1709196068313} ClickDetected: [object Object] ElementDetails: {tagName: 'SPAN', id: '', className: '', text: '添加', path: 'SPAN > BUTTON > DIV > DIV > DIV > DIV > DIV > DIV …> DIV > DIV > DIV > DIV > DIV > BODY > HTML >  > ', …}
background.js:47 Time: {1709196073011} ClickDetected: [object Object] ElementDetails: {tagName: 'BUTTON', id: '', className: 'el-button el-button--primary', text: '提交', path: 'BUTTON > DIV > DIV > KEEP-LIVE > DIV > DIV > DIV >…> DIV > DIV > DIV > DIV > DIV > BODY > HTML >  > ', …}
background.js:47 Time: {1709196075965} ClickDetected: [object Object] ElementDetails: {tagName: 'BUTTON', id: '', className: 'el-button el-button--default', text: '取 消', path: 'BUTTON > DIV > DIV > KEEP-LIVE > DIV > DIV > DIV >…> DIV > DIV > DIV > DIV > DIV > BODY > HTML >  > ', …}
background.js:31 Time: {1709196075965} TabID: {1926387271} URLChanged: {http://29.20.130.39:31001/injury/basics/compensationQueryPage/queryPage}
background.js:31 Time: {1709196078298} TabID: {1926387271} URLChanged: {http://29.20.130.39:31001/injury/basics/disabilityStandardPage/standardPage}
background.js:47 Time: {1709196078413} ClickDetected: [object Object] ElementDetails: {tagName: 'SPAN', id: '', className: 'nav-menu-title', text: '伤残标准库', path: 'SPAN > LI > DIV > UL > LI > DIV > UL > DIV > DIV >…ASIDE > DIV > DIV > DIV > DIV > BODY > HTML >  > ', …}
background.js:47 Time: {1709196084389} ClickDetected: [object Object] ElementDetails: {tagName: 'BUTTON', id: '', className: 'el-button el-button--default is-plain', text: '重 置', path: 'BUTTON > DIV > DIV > DIV > DIV > DIV > DIV > DIV >…> DIV > DIV > DIV > DIV > DIV > BODY > HTML >  > ', …}
background.js:47 Time: {1709196089272} ClickDetected: [object Object] ElementDetails: {tagName: 'BUTTON', id: '', className: 'el-button el-button--confirm', text: '查 询', path: 'BUTTON > DIV > DIV > DIV > DIV > DIV > DIV > DIV >…> DIV > DIV > DIV > DIV > DIV > BODY > HTML >  > ', …}
background.js:47 Time: {1709196092610} ClickDetected: [object Object] ElementDetails: {tagName: 'DIV', id: '', className: '', text: '查看', path: 'DIV > DIV > TD > TR > TBODY > TABLE > DIV > DIV > …> DIV > DIV > DIV > DIV > DIV > BODY > HTML >  > ', …}
background.js:47 Time: {1709196095058} ClickDetected: [object Object] ElementDetails: {tagName: 'SPAN', id: '', className: '', text: '取 消', path: 'SPAN > BUTTON > DIV > DIV > DIV > DIV > DIV > DIV …> DIV > DIV > DIV > DIV > DIV > BODY > HTML >  > ', …}
background.js:47 Time: {1709196097808} ClickDetected: [object Object] ElementDetails: {tagName: 'LI', id: '', className: 'number active', text: '2', path: 'LI > UL > DIV > DIV > DIV > DIV > DIV > DIV > DIV …> DIV > DIV > DIV > DIV > DIV > BODY > HTML >  > ', …}
background.js:47 Time: {1709196100893} ClickDetected: [object Object] ElementDetails: {tagName: 'DIV', id: '', className: 'el-pagination is-background', text: '共 14 条\n12\n前往页', path: 'DIV > DIV > DIV > DIV > DIV > DIV > DIV > DIV > DI…> DIV > DIV > DIV > DIV > DIV > BODY > HTML >  > ', …}
background.js:40 Time: {1709196101249} InputDetected: [object Object] InputDetails: {type: 'input', value: '1', id: '', className: 'el-input__inner', tagName: 'INPUT', …}
background.js:47 Time: {1709196113516} ClickDetected: [object Object] ElementDetails: {tagName: 'SPAN', id: '', className: 'nav-menu-title', text: '模型库管理', path: 'SPAN > DIV > LI > DIV > UL > DIV > DIV > DIV > DIV…ASIDE > DIV > DIV > DIV > DIV > BODY > HTML >  > ', …}
background.js:31 Time: {1709196115768} TabID: {1926387271} URLChanged: {http://29.20.130.39:31001/injury/module/DisabilityAssistiveDevicePage}
background.js:47 Time: {1709196115942} ClickDetected: [object Object] ElementDetails: {tagName: 'SPAN', id: '', className: 'nav-menu-title', text: '残辅器具模型', path: 'SPAN > LI > DIV > UL > LI > DIV > UL > DIV > DIV >…ASIDE > DIV > DIV > DIV > DIV > BODY > HTML >  > ', …}
background.js:47 Time: {1709196132394} ClickDetected: [object Object] ElementDetails: {tagName: 'SPAN', id: '', className: '', text: '重 置', path: 'SPAN > BUTTON > DIV > DIV > DIV > DIV > DIV > DIV …> DIV > DIV > DIV > DIV > DIV > BODY > HTML >  > ', …}
background.js:47 Time: {1709196134582} ClickDetected: [object Object] ElementDetails: {tagName: 'BUTTON', id: '', className: 'el-button el-button--confirm el-button--mini', text: '查 询', path: 'BUTTON > DIV > DIV > DIV > DIV > DIV > DIV > DIV >…> DIV > DIV > DIV > DIV > DIV > BODY > HTML >  > ', …}
background.js:47 Time: {1709196138221} ClickDetected: [object Object] ElementDetails: {tagName: 'BUTTON', id: '', className: 'el-button el-button--primary is-plain', text: '添加', path: 'BUTTON > DIV > DIV > DIV > DIV > DIV > DIV > DIV >…> DIV > DIV > DIV > DIV > DIV > BODY > HTML >  > ', …}
background.js:47 Time: {1709196141507} ClickDetected: [object Object] ElementDetails: {tagName: 'DIV', id: '', className: '', text: '提 交\n取 消', path: 'DIV > DIV > DIV > DIV > DIV > DIV > DIV > DIV > DI…> DIV > DIV > DIV > DIV > DIV > BODY > HTML >  > ', …}
background.js:47 Time: {1709196141945} ClickDetected: [object Object] ElementDetails: {tagName: 'SPAN', id: '', className: '', text: '提 交', path: 'SPAN > BUTTON > DIV > DIV > DIV > DIV > DIV > DIV …> DIV > DIV > DIV > DIV > DIV > BODY > HTML >  > ', …}
background.js:47 Time: {1709196143299} ClickDetected: [object Object] ElementDetails: {tagName: 'BUTTON', id: '', className: 'el-button el-button--default', text: '取 消', path: 'BUTTON > DIV > DIV > DIV > DIV > DIV > DIV > DIV >…> DIV > DIV > DIV > DIV > DIV > BODY > HTML >  > ', …}
background.js:47 Time: {1709196145021} ClickDetected: [object Object] ElementDetails: {tagName: 'DIV', id: '', className: '', text: '查看', path: 'DIV > DIV > TD > TR > TBODY > TABLE > DIV > DIV > …> DIV > DIV > DIV > DIV > DIV > BODY > HTML >  > ', …}
background.js:47 Time: {1709196149092} ClickDetected: [object Object] ElementDetails: {tagName: 'SPAN', id: '', className: '', text: '取 消', path: 'SPAN > BUTTON > DIV > DIV > DIV > DIV > DIV > DIV …> DIV > DIV > DIV > DIV > DIV > BODY > HTML >  > ', …}
background.js:47 Time: {1709196152897} ClickDetected: [object Object] ElementDetails: {tagName: 'BUTTON', id: '', className: 'el-button el-button--default el-button--mini is-plain', text: '重 置', path: 'BUTTON > DIV > DIV > DIV > DIV > DIV > DIV > DIV >…> DIV > DIV > DIV > DIV > DIV > BODY > HTML >  > ', …}
background.js:47 Time: {1709196158357} ClickDetected: [object Object] ElementDetails: {tagName: 'I', id: '', className: 'el-icon-search', path: 'I > BUTTON > DIV > DIV > DIV > DIV > DIV > DIV > D…> DIV > DIV > DIV > DIV > DIV > BODY > HTML >  > ', timestamp: 1709196158354}
background.js:31 Time: {1709196164471} TabID: {1926387271} URLChanged: {http://29.20.130.39:31001/injury/module/DisabilityAssistiveDeviceRecord}
background.js:47 Time: {1709196164618} ClickDetected: [object Object] ElementDetails: {tagName: 'SPAN', id: '', className: '', text: '操作记录', path: 'SPAN > BUTTON > DIV > DIV > DIV > DIV > DIV > DIV …> DIV > DIV > DIV > DIV > DIV > BODY > HTML >  > ', …}
background.js:47 Time: {1709196174200} ClickDetected: [object Object] ElementDetails: {tagName: 'SPAN', id: '', className: '', text: '重 置', path: 'SPAN > BUTTON > DIV > DIV > DIV > DIV > DIV > DIV …> DIV > DIV > DIV > DIV > DIV > BODY > HTML >  > ', …}
background.js:47 Time: {1709196176122} ClickDetected: [object Object] ElementDetails: {tagName: 'SPAN', id: '', className: '', text: '查 询', path: 'SPAN > BUTTON > DIV > DIV > DIV > DIV > DIV > DIV …> DIV > DIV > DIV > DIV > DIV > BODY > HTML >  > ', …}
background.js:47 Time: {1709196178135} ClickDetected: [object Object] ElementDetails: {tagName: 'DIV', id: '', className: 'base-content right content-wrap', text: '分公司\n器具分类\n器具分类项目\n0/15\n选择日期\n至\n状态\n查 询\n重 置\n器具分类\t器具分类项目…3-12-14 13:42:22\n\t\n同意\n\t\n查看\n共 82 条\n1234569\n前往页\n取 消', path: 'DIV > DIV > DIV > DIV > DIV > BODY > HTML >  > ', …}
background.js:47 Time: {1709196178506} ClickDetected: [object Object] ElementDetails: {tagName: 'DIV', id: '', className: 'layout record bgTd disabilityRecord', text: '分公司\n器具分类\n器具分类项目\n0/15\n选择日期\n至\n状态\n查 询\n重 置\n器具分类\t器具分类项目…3-12-14 13:42:22\n\t\n同意\n\t\n查看\n共 82 条\n1234569\n前往页\n取 消', path: 'DIV > DIV > DIV > DIV > DIV > DIV > DIV > DIV > DIV > DIV > DIV > BODY > HTML >  > ', …}
background.js:47 Time: {1709196180710} ClickDetected: [object Object] ElementDetails: {tagName: 'DIV', id: '', className: '', text: '查看', path: 'DIV > DIV > TD > TR > TBODY > TABLE > DIV > DIV > …> DIV > DIV > DIV > DIV > DIV > BODY > HTML >  > ', …}
background.js:47 Time: {1709196184461} ClickDetected: [object Object] ElementDetails: {tagName: 'SPAN', id: '', className: '', text: '取 消', path: 'SPAN > BUTTON > DIV > DIV > DIV > DIV > DIV > DIV …> DIV > DIV > DIV > DIV > DIV > BODY > HTML >  > ', …}
background.js:31 Time: {1709196185798} TabID: {1926387271} URLChanged: {http://29.20.130.39:31001/injury/module/ThreePhaseModelPage}
background.js:47 Time: {1709196185972} ClickDetected: [object Object] ElementDetails: {tagName: 'SPAN', id: '', className: 'nav-menu-title', text: '三期模型', path: 'SPAN > LI > DIV > UL > LI > DIV > UL > DIV > DIV >…ASIDE > DIV > DIV > DIV > DIV > BODY > HTML >  > ', …}
background.js:47 Time: {1709196222564} ClickDetected: [object Object] ElementDetails: {tagName: 'SPAN', id: '', className: 'nav-menu-title', text: '三期模型', path: 'SPAN > LI > DIV > UL > LI > DIV > UL > DIV > DIV >…ASIDE > DIV > DIV > DIV > DIV > BODY > HTML >  > ', …}
background.js:47 Time: {1709196225772} ClickDetected: [object Object] ElementDetails: {tagName: 'BUTTON', id: '', className: 'el-button el-button--default is-plain', text: '重 置', path: 'BUTTON > DIV > DIV > DIV > DIV > DIV > DIV > DIV >…> DIV > DIV > DIV > DIV > DIV > BODY > HTML >  > ', …}
background.js:47 Time: {1709196226460} ClickDetected: [object Object] ElementDetails: {tagName: 'BUTTON', id: '', className: 'el-button el-button--confirm', text: '查 询', path: 'BUTTON > DIV > DIV > DIV > DIV > DIV > DIV > DIV >…> DIV > DIV > DIV > DIV > DIV > BODY > HTML >  > ', …}
background.js:31 Time: {1709196256016} TabID: {1926387271} URLChanged: {http://29.20.130.39:31001/injury/module/ThreePhaseModelDetailPage}
background.js:47 Time: {1709196256017} ClickDetected: [object Object] ElementDetails: {tagName: 'SPAN', id: '', className: '', text: '查看', path: 'SPAN > BUTTON > DIV > TD > TR > TBODY > TABLE > DI…> DIV > DIV > DIV > DIV > DIV > BODY > HTML >  > ', …}
background.js:47 Time: {1709196260965} ClickDetected: [object Object] ElementDetails: {tagName: 'SPAN', id: '', className: '', text: '取 消', path: 'SPAN > BUTTON > DIV > DIV > DIV > DIV > DIV > DIV …> DIV > DIV > DIV > DIV > DIV > BODY > HTML >  > ', …}
background.js:31 Time: {1709196260965} TabID: {1926387271} URLChanged: {http://29.20.130.39:31001/injury/module/ThreePhaseModelPage}
background.js:31 Time: {1709196263734} TabID: {1926387271} URLChanged: {http://29.20.130.39:31001/injury/module/SmallDiagnosePage}
background.js:47 Time: {1709196263882} ClickDetected: [object Object] ElementDetails: {tagName: 'SPAN', id: '', className: 'nav-menu-title', text: '小额伤情', path: 'SPAN > LI > DIV > UL > LI > DIV > UL > DIV > DIV >…ASIDE > DIV > DIV > DIV > DIV > BODY > HTML >  > ', …}
background.js:47 Time: {1709196270378} ClickDetected: [object Object] ElementDetails: {tagName: 'SPAN', id: '', className: '', text: '擦伤', path: 'SPAN > DIV > DIV > DIV > DIV > DIV > DIV > DIV > D…> DIV > DIV > DIV > DIV > DIV > BODY > HTML >  > ', …}
background.js:47 Time: {1709196272690} ClickDetected: [object Object] ElementDetails: {tagName: 'SPAN', id: '', className: '', text: '裂伤', path: 'SPAN > DIV > DIV > DIV > DIV > DIV > DIV > DIV > D…> DIV > DIV > DIV > DIV > DIV > BODY > HTML >  > ', …}
background.js:47 Time: {1709196275486} ClickDetected: [object Object] ElementDetails: {tagName: 'SPAN', id: '', className: '', text: '挫伤', path: 'SPAN > DIV > DIV > DIV > DIV > DIV > DIV > DIV > D…> DIV > DIV > DIV > DIV > DIV > BODY > HTML >  > ', …}
background.js:47 Time: {1709196279058} ClickDetected: [object Object] ElementDetails: {tagName: 'SPAN', id: '', className: '', text: '血肿', path: 'SPAN > DIV > DIV > DIV > DIV > DIV > DIV > DIV > D…> DIV > DIV > DIV > DIV > DIV > BODY > HTML >  > ', …}
background.js:47 Time: {1709196281526} ClickDetected: [object Object] ElementDetails: {tagName: 'BUTTON', id: '', className: 'el-button el-button--default is-plain', text: '重 置', path: 'BUTTON > DIV > DIV > DIV > DIV > DIV > DIV > DIV >…> DIV > DIV > DIV > DIV > DIV > BODY > HTML >  > ', …}
background.js:47 Time: {1709196282489} ClickDetected: [object Object] ElementDetails: {tagName: 'BUTTON', id: '', className: 'el-button el-button--confirm', text: '查 询', path: 'BUTTON > DIV > DIV > DIV > DIV > DIV > DIV > DIV >…> DIV > DIV > DIV > DIV > DIV > BODY > HTML >  > ', …}
background.js:47 Time: {1709196286822} ClickDetected: [object Object] ElementDetails: {tagName: 'BUTTON', id: '', className: 'el-button el-button--text el-button--mini', text: '查看', path: 'BUTTON > DIV > TD > TR > TBODY > TABLE > DIV > DIV…> DIV > DIV > DIV > DIV > DIV > BODY > HTML >  > ', …}
background.js:47 Time: {1709196290036} ClickDetected: [object Object] ElementDetails: {tagName: 'SPAN', id: '', className: '', text: '取 消', path: 'SPAN > BUTTON > DIV > DIV > DIV > DIV > DIV > DIV …> DIV > DIV > DIV > DIV > DIV > BODY > HTML >  > ', …}
background.js:31 Time: {1709196292505} TabID: {1926387271} URLChanged: {http://29.20.130.39:31001/injury/module/SmallDiagnoseRecordPage}
background.js:47 Time: {1709196292662} ClickDetected: [object Object] ElementDetails: {tagName: 'BUTTON', id: '', className: 'el-button el-button--confirm is-plain is-round', text: '操作记录', path: 'BUTTON > DIV > DIV > DIV > DIV > DIV > DIV > DIV > DIV > DIV > DIV > DIV > DIV > BODY > HTML >  > ', …}
background.js:47 Time: {1709196300986} ClickDetected: [object Object] ElementDetails: {tagName: 'SPAN', id: '', className: '', text: '查看', path: 'SPAN > BUTTON > DIV > TD > TR > TBODY > TABLE > DI…> DIV > DIV > DIV > DIV > DIV > BODY > HTML >  > ', …}
background.js:47 Time: {1709196304976} ClickDetected: [object Object] ElementDetails: {tagName: 'BUTTON', id: '', className: 'el-button el-button--default', text: '取 消', path: 'BUTTON > DIV > DIV > DIV > DIV > DIV > DIV > DIV >…> DIV > DIV > DIV > DIV > DIV > BODY > HTML >  > ', …}
background.js:47 Time: {1709196309318} ClickDetected: [object Object] ElementDetails: {tagName: 'SPAN', id: '', className: '', text: '重 置', path: 'SPAN > BUTTON > DIV > DIV > DIV > DIV > DIV > DIV …> DIV > DIV > DIV > DIV > DIV > BODY > HTML >  > ', …}
background.js:47 Time: {1709196311813} ClickDetected: [object Object] ElementDetails: {tagName: 'SPAN', id: '', className: '', text: '查 询', path: 'SPAN > BUTTON > DIV > DIV > DIV > DIV > DIV > DIV …> DIV > DIV > DIV > DIV > DIV > BODY > HTML >  > ', …}
background.js:31 Time: {1709196315270} TabID: {1926387271} URLChanged: {http://29.20.130.39:31001/injury/module/DiagnosticModelPage}
background.js:47 Time: {1709196315479} ClickDetected: [object Object] ElementDetails: {tagName: 'SPAN', id: '', className: 'nav-menu-title', text: '诊断模型', path: 'SPAN > LI > DIV > UL > LI > DIV > UL > DIV > DIV >…ASIDE > DIV > DIV > DIV > DIV > BODY > HTML >  > ', …}
background.js:47 Time: {1709196365673} ClickDetected: [object Object] ElementDetails: {tagName: 'SPAN', id: '', className: '', text: '重 置', path: 'SPAN > BUTTON > DIV > DIV > DIV > DIV > DIV > DIV …> DIV > DIV > DIV > DIV > DIV > BODY > HTML >  > ', …}
background.js:47 Time: {1709196368035} ClickDetected: [object Object] ElementDetails: {tagName: 'SPAN', id: '', className: '', text: '查 询', path: 'SPAN > BUTTON > DIV > DIV > DIV > DIV > DIV > DIV …> DIV > DIV > DIV > DIV > DIV > BODY > HTML >  > ', …}
background.js:31 Time: {1709196372431} TabID: {1926387271} URLChanged: {http://29.20.130.39:31001/injury/module/DiagnosticModelDetailPage}
background.js:47 Time: {1709196372440} ClickDetected: [object Object] ElementDetails: {tagName: 'SPAN', id: '', className: '', text: '查看', path: 'SPAN > BUTTON > DIV > TD > TR > TBODY > TABLE > DI…> DIV > DIV > DIV > DIV > DIV > BODY > HTML >  > ', …}
background.js:47 Time: {1709196377077} ClickDetected: [object Object] ElementDetails: {tagName: 'SPAN', id: '', className: '', text: '取 消', path: 'SPAN > BUTTON > DIV > DIV > DIV > DIV > DIV > DIV …> DIV > DIV > DIV > DIV > DIV > BODY > HTML >  > ', …}
background.js:31 Time: {1709196377077} TabID: {1926387271} URLChanged: {http://29.20.130.39:31001/injury/module/DiagnosticModelPage}
background.js:31 Time: {1709196386351} TabID: {1926387271} URLChanged: {http://sso-sit.group.cpic.com/login}
